Build started 4/27/2012 12:22:54 AM.
     1>Project "Z:\fltk-1.1.10\visualc\fltk.lib.vcxproj" on node 3 (build target(s)).
     1>InitializeBuildStatus:
         Creating ".\Debug\fltk.unsuccessfulbuild" because "AlwaysCreate" was specified.
       ClCompile:
         C:\Program Files (x86)\Microsoft Visual Studio 10.0\VC\bin\CL.exe /c /I../visualc /I.. /Z7 /nologo /W1 /WX- /Od /Oy- /D WIN32 /D _DEBUG /D _WINDOWS /D WIN32_LEAN_AND_MEAN /D VC_EXTRA_LEAN /D WIN32_EXTRA_LEAN /D _VC80_UPGRADE=0x0600 /Gm- /EHsc /MDd /GS /Gy- /fp:precise /Zc:wchar_t /Zc:forScope /Fo".\Debug\\" /Fd".\Debug\vc100.pdb" /FR".\Debug\\" /Gd /TP /analyze- /errorReport:prompt ..\src\filename_absolute.cxx ..\src\filename_expand.cxx ..\src\filename_ext.cxx ..\src\filename_isdir.cxx ..\src\filename_list.cxx ..\src\filename_match.cxx ..\src\filename_setext.cxx ..\src\Fl.cxx ..\src\Fl_abort.cxx ..\src\Fl_add_idle.cxx ..\src\Fl_Adjuster.cxx ..\src\fl_arc.cxx ..\src\fl_arci.cxx ..\src\Fl_arg.cxx ..\src\fl_ask.cxx ..\src\Fl_Bitmap.cxx ..\src\Fl_Box.cxx ..\src\fl_boxtype.cxx ..\src\Fl_Browser.cxx ..\src\Fl_Browser_.cxx ..\src\Fl_Browser_load.cxx ..\src\Fl_Button.cxx ..\src\Fl_Chart.cxx ..\src\Fl_Check_Browser.cxx ..\src\Fl_Check_Button.cxx ..\src\Fl_Choice.cxx ..\src\Fl_Clock.cxx ..\src\fl_color.cxx ..\src\Fl_Color_Chooser.cxx ..\src\Fl_compose.cxx ..\src\Fl_Counter.cxx ..\src\fl_cursor.cxx ..\src\fl_curve.cxx ..\src\Fl_Dial.cxx ..\src\fl_diamond_box.cxx ..\src\Fl_display.cxx ..\src\fl_dnd.cxx ..\src\Fl_Double_Window.cxx ..\src\fl_draw.cxx ..\src\fl_draw_image.cxx ..\src\fl_draw_pixmap.cxx ..\src\fl_encoding_latin1.cxx ..\src\fl_encoding_mac_roman.cxx ..\src\fl_engraved_label.cxx ..\src\Fl_File_Browser.cxx ..\src\Fl_File_Chooser.cxx ..\src\Fl_File_Chooser2.cxx ..\src\fl_file_dir.cxx ..\src\Fl_File_Icon.cxx ..\src\Fl_File_Input.cxx ..\src\fl_font.cxx ..\src\Fl_get_key.cxx ..\src\Fl_get_system_colors.cxx ..\src\Fl_grab.cxx ..\src\Fl_Group.cxx ..\src\fl_gtk.cxx ..\src\Fl_Help_View.cxx ..\src\Fl_Image.cxx ..\src\Fl_Input.cxx ..\src\Fl_Input_.cxx ..\src\fl_labeltype.cxx ..\src\Fl_Light_Button.cxx ..\src\fl_line_style.cxx ..\src\Fl_lock.cxx ..\src\Fl_Menu.cxx ..\src\Fl_Menu_.cxx ..\src\Fl_Menu_add.cxx ..\src\Fl_Menu_Bar.cxx ..\src\Fl_Menu_Button.cxx ..\src\Fl_Menu_global.cxx ..\src\Fl_Menu_Window.cxx ..\src\Fl_Multi_Label.cxx ..\src\fl_open_uri.cxx ..\src\fl_oval_box.cxx ..\src\fl_overlay.cxx ..\src\fl_overlay_visual.cxx ..\src\Fl_Overlay_Window.cxx ..\src\Fl_own_colormap.cxx ..\src\Fl_Pack.cxx ..\src\Fl_Pixmap.cxx ..\src\fl_plastic.cxx ..\src\Fl_Positioner.cxx ..\src\Fl_Preferences.cxx ..\src\Fl_Progress.cxx ..\src\fl_read_image.cxx ..\src\fl_rect.cxx ..\src\Fl_Repeat_Button.cxx ..\src\Fl_Return_Button.cxx ..\src\Fl_Roller.cxx ..\src\fl_round_box.cxx ..\src\Fl_Round_Button.cxx ..\src\fl_rounded_box.cxx ..\src\Fl_Scroll.cxx ..\src\fl_scroll_area.cxx ..\src\Fl_Scrollbar.cxx ..\src\fl_set_font.cxx ..\src\fl_set_fonts.cxx ..\src\fl_shadow_box.cxx ..\src\Fl_Shared_Image.cxx ..\src\fl_shortcut.cxx ..\src\fl_show_colormap.cxx ..\src\Fl_Single_Window.cxx ..\src\Fl_Slider.cxx ..\src\fl_symbols.cxx ..\src\Fl_Tabs.cxx ..\src\Fl_Text_Buffer.cxx ..\src\Fl_Text_Display.cxx ..\src\Fl_Text_Editor.cxx ..\src\Fl_Tile.cxx ..\src\Fl_Tiled_Image.cxx ..\src\Fl_Tooltip.cxx ..\src\Fl_Valuator.cxx ..\src\Fl_Value_Input.cxx ..\src\Fl_Value_Output.cxx ..\src\Fl_Value_Slider.cxx ..\src\fl_vertex.cxx ..\src\Fl_visual.cxx ..\src\Fl_Widget.cxx ..\src\Fl_Window.cxx ..\src\Fl_Window_fullscreen.cxx ..\src\Fl_Window_hotspot.cxx ..\src\Fl_Window_iconize.cxx ..\src\Fl_Wizard.cxx ..\src\Fl_x.cxx ..\src\Fl_XBM_Image.cxx ..\src\Fl_XPM_Image.cxx ..\src\screen_xywh.cxx
         filename_absolute.cxx
         filename_expand.cxx
         filename_ext.cxx
         filename_isdir.cxx
         filename_list.cxx
         filename_match.cxx
         filename_setext.cxx
         Fl.cxx
         Fl_abort.cxx
         Fl_add_idle.cxx
         Fl_Adjuster.cxx
         fl_arc.cxx
         fl_arci.cxx
         Fl_arg.cxx
         fl_ask.cxx
         Fl_Bitmap.cxx
         Fl_Box.cxx
         fl_boxtype.cxx
         Fl_Browser.cxx
         Fl_Browser_.cxx
         Generating Code...
         Compiling...
         Fl_Browser_load.cxx
         Fl_Button.cxx
         Fl_Chart.cxx
         Fl_Check_Browser.cxx
         Fl_Check_Button.cxx
         Fl_Choice.cxx
         Fl_Clock.cxx
         fl_color.cxx
         Fl_Color_Chooser.cxx
         Fl_compose.cxx
         Fl_Counter.cxx
         fl_cursor.cxx
         fl_curve.cxx
         Fl_Dial.cxx
         fl_diamond_box.cxx
         Fl_display.cxx
         fl_dnd.cxx
         Fl_Double_Window.cxx
         fl_draw.cxx
         fl_draw_image.cxx
         Generating Code...
         Compiling...
         fl_draw_pixmap.cxx
         fl_encoding_latin1.cxx
         fl_encoding_mac_roman.cxx
         fl_engraved_label.cxx
         Fl_File_Browser.cxx
         Fl_File_Chooser.cxx
         Fl_File_Chooser2.cxx
         fl_file_dir.cxx
         Fl_File_Icon.cxx
         Fl_File_Input.cxx
         fl_font.cxx
         Fl_get_key.cxx
         Fl_get_system_colors.cxx
         Fl_grab.cxx
         Fl_Group.cxx
         fl_gtk.cxx
         Fl_Help_View.cxx
         Fl_Image.cxx
         Fl_Input.cxx
         Fl_Input_.cxx
         Generating Code...
         Compiling...
         fl_labeltype.cxx
         Fl_Light_Button.cxx
         fl_line_style.cxx
         Fl_lock.cxx
         Fl_Menu.cxx
         Fl_Menu_.cxx
         Fl_Menu_add.cxx
         Fl_Menu_Bar.cxx
         Fl_Menu_Button.cxx
         Fl_Menu_global.cxx
         Fl_Menu_Window.cxx
         Fl_Multi_Label.cxx
         fl_open_uri.cxx
         fl_oval_box.cxx
         fl_overlay.cxx
         fl_overlay_visual.cxx
         Fl_Overlay_Window.cxx
         Fl_own_colormap.cxx
         Fl_Pack.cxx
         Fl_Pixmap.cxx
         Generating Code...
         Compiling...
         fl_plastic.cxx
         Fl_Positioner.cxx
         Fl_Preferences.cxx
         Fl_Progress.cxx
         fl_read_image.cxx
         fl_rect.cxx
         Fl_Repeat_Button.cxx
         Fl_Return_Button.cxx
         Fl_Roller.cxx
         fl_round_box.cxx
         Fl_Round_Button.cxx
         fl_rounded_box.cxx
         Fl_Scroll.cxx
         fl_scroll_area.cxx
         Fl_Scrollbar.cxx
         fl_set_font.cxx
         fl_set_fonts.cxx
         fl_shadow_box.cxx
         Fl_Shared_Image.cxx
         fl_shortcut.cxx
         Generating Code...
         Compiling...
         fl_show_colormap.cxx
         Fl_Single_Window.cxx
         Fl_Slider.cxx
         fl_symbols.cxx
         Fl_Tabs.cxx
         Fl_Text_Buffer.cxx
         Fl_Text_Display.cxx
         Fl_Text_Editor.cxx
         Fl_Tile.cxx
         Fl_Tiled_Image.cxx
         Fl_Tooltip.cxx
         Fl_Valuator.cxx
         Fl_Value_Input.cxx
         Fl_Value_Output.cxx
         Fl_Value_Slider.cxx
         fl_vertex.cxx
         Fl_visual.cxx
         Fl_Widget.cxx
         Fl_Window.cxx
         Fl_Window_fullscreen.cxx
         Generating Code...
         Compiling...
         Fl_Window_hotspot.cxx
         Fl_Window_iconize.cxx
         Fl_Wizard.cxx
         Fl_x.cxx
         Fl_XBM_Image.cxx
         Fl_XPM_Image.cxx
         screen_xywh.cxx
         Generating Code...
         C:\Program Files (x86)\Microsoft Visual Studio 10.0\VC\bin\CL.exe /c /I../visualc /I.. /Z7 /nologo /W1 /WX- /Od /Oy- /D WIN32 /D _DEBUG /D _WINDOWS /D WIN32_LEAN_AND_MEAN /D VC_EXTRA_LEAN /D WIN32_EXTRA_LEAN /D _VC80_UPGRADE=0x0600 /Gm- /EHsc /MDd /GS /Gy- /fp:precise /Zc:wchar_t /Zc:forScope /Fo".\Debug\\" /Fd".\Debug\vc100.pdb" /FR".\Debug\\" /Gd /TC /analyze- /errorReport:prompt ..\src\fl_call_main.c ..\src\flstring.c ..\src\numericsort.c ..\src\scandir.c ..\src\vsnprintf.c
         fl_call_main.c
         flstring.c
         numericsort.c
         scandir.c
         vsnprintf.c
         Generating Code...
     1>C:\Program Files (x86)\MSBuild\Microsoft.Cpp\v4.0\Microsoft.CppBuild.targets(1151,5): warning MSB8012: TargetPath(Z:\fltk-1.1.10\visualc\.\Debug\fltk.lib) does not match the Library's OutputFile property value (Z:\fltk-1.1.10\lib\fltkd.lib). This may cause your project to build incorrectly. To correct this, please make sure that $(OutDir), $(TargetName) and $(TargetExt) property values match the value specified in %(Lib.OutputFile).
     1>C:\Program Files (x86)\MSBuild\Microsoft.Cpp\v4.0\Microsoft.CppBuild.targets(1153,5): warning MSB8012: TargetName(fltk) does not match the Library's OutputFile property value (fltkd). This may cause your project to build incorrectly. To correct this, please make sure that $(OutDir), $(TargetName) and $(TargetExt) property values match the value specified in %(Lib.OutputFile).
       Lib:
         C:\Program Files (x86)\Microsoft Visual Studio 10.0\VC\bin\Lib.exe /OUT:"..\lib\fltkd.lib" /NOLOGO .\Debug\filename_absolute.obj
         .\Debug\filename_expand.obj
         .\Debug\filename_ext.obj
         .\Debug\filename_isdir.obj
         .\Debug\filename_list.obj
         .\Debug\filename_match.obj
         .\Debug\filename_setext.obj
         .\Debug\Fl.obj
         .\Debug\Fl_abort.obj
         .\Debug\Fl_add_idle.obj
         .\Debug\Fl_Adjuster.obj
         .\Debug\fl_arc.obj
         .\Debug\fl_arci.obj
         .\Debug\Fl_arg.obj
         .\Debug\fl_ask.obj
         .\Debug\Fl_Bitmap.obj
         .\Debug\Fl_Box.obj
         .\Debug\fl_boxtype.obj
         .\Debug\Fl_Browser.obj
         .\Debug\Fl_Browser_.obj
         .\Debug\Fl_Browser_load.obj
         .\Debug\Fl_Button.obj
         .\Debug\fl_call_main.obj
         .\Debug\Fl_Chart.obj
         .\Debug\Fl_Check_Browser.obj
         .\Debug\Fl_Check_Button.obj
         .\Debug\Fl_Choice.obj
         .\Debug\Fl_Clock.obj
         .\Debug\fl_color.obj
         .\Debug\Fl_Color_Chooser.obj
         .\Debug\Fl_compose.obj
         .\Debug\Fl_Counter.obj
         .\Debug\fl_cursor.obj
         .\Debug\fl_curve.obj
         .\Debug\Fl_Dial.obj
         .\Debug\fl_diamond_box.obj
         .\Debug\Fl_display.obj
         .\Debug\fl_dnd.obj
         .\Debug\Fl_Double_Window.obj
         .\Debug\fl_draw.obj
         .\Debug\fl_draw_image.obj
         .\Debug\fl_draw_pixmap.obj
         .\Debug\fl_encoding_latin1.obj
         .\Debug\fl_encoding_mac_roman.obj
         .\Debug\fl_engraved_label.obj
         .\Debug\Fl_File_Browser.obj
         .\Debug\Fl_File_Chooser.obj
         .\Debug\Fl_File_Chooser2.obj
         .\Debug\fl_file_dir.obj
         .\Debug\Fl_File_Icon.obj
         .\Debug\Fl_File_Input.obj
         .\Debug\fl_font.obj
         .\Debug\Fl_get_key.obj
         .\Debug\Fl_get_system_colors.obj
         .\Debug\Fl_grab.obj
         .\Debug\Fl_Group.obj
         .\Debug\fl_gtk.obj
         .\Debug\Fl_Help_View.obj
         .\Debug\Fl_Image.obj
         .\Debug\Fl_Input.obj
         .\Debug\Fl_Input_.obj
         .\Debug\fl_labeltype.obj
         .\Debug\Fl_Light_Button.obj
         .\Debug\fl_line_style.obj
         .\Debug\Fl_lock.obj
         .\Debug\Fl_Menu.obj
         .\Debug\Fl_Menu_.obj
         .\Debug\Fl_Menu_add.obj
         .\Debug\Fl_Menu_Bar.obj
         .\Debug\Fl_Menu_Button.obj
         .\Debug\Fl_Menu_global.obj
         .\Debug\Fl_Menu_Window.obj
         .\Debug\Fl_Multi_Label.obj
         .\Debug\fl_open_uri.obj
         .\Debug\fl_oval_box.obj
         .\Debug\fl_overlay.obj
         .\Debug\fl_overlay_visual.obj
         .\Debug\Fl_Overlay_Window.obj
         .\Debug\Fl_own_colormap.obj
         .\Debug\Fl_Pack.obj
         .\Debug\Fl_Pixmap.obj
         .\Debug\fl_plastic.obj
         .\Debug\Fl_Positioner.obj
         .\Debug\Fl_Preferences.obj
         .\Debug\Fl_Progress.obj
         .\Debug\fl_read_image.obj
         .\Debug\fl_rect.obj
         .\Debug\Fl_Repeat_Button.obj
         .\Debug\Fl_Return_Button.obj
         .\Debug\Fl_Roller.obj
         .\Debug\fl_round_box.obj
         .\Debug\Fl_Round_Button.obj
         .\Debug\fl_rounded_box.obj
         .\Debug\Fl_Scroll.obj
         .\Debug\fl_scroll_area.obj
         .\Debug\Fl_Scrollbar.obj
         .\Debug\fl_set_font.obj
         .\Debug\fl_set_fonts.obj
         .\Debug\fl_shadow_box.obj
         .\Debug\Fl_Shared_Image.obj
         .\Debug\fl_shortcut.obj
         .\Debug\fl_show_colormap.obj
         .\Debug\Fl_Single_Window.obj
         .\Debug\Fl_Slider.obj
         .\Debug\fl_symbols.obj
         .\Debug\Fl_Tabs.obj
         .\Debug\Fl_Text_Buffer.obj
         .\Debug\Fl_Text_Display.obj
         .\Debug\Fl_Text_Editor.obj
         .\Debug\Fl_Tile.obj
         .\Debug\Fl_Tiled_Image.obj
         .\Debug\Fl_Tooltip.obj
         .\Debug\Fl_Valuator.obj
         .\Debug\Fl_Value_Input.obj
         .\Debug\Fl_Value_Output.obj
         .\Debug\Fl_Value_Slider.obj
         .\Debug\fl_vertex.obj
         .\Debug\Fl_visual.obj
         .\Debug\Fl_Widget.obj
         .\Debug\Fl_Window.obj
         .\Debug\Fl_Window_fullscreen.obj
         .\Debug\Fl_Window_hotspot.obj
         .\Debug\Fl_Window_iconize.obj
         .\Debug\Fl_Wizard.obj
         .\Debug\Fl_x.obj
         .\Debug\Fl_XBM_Image.obj
         .\Debug\Fl_XPM_Image.obj
         .\Debug\flstring.obj
         .\Debug\numericsort.obj
         .\Debug\scandir.obj
         .\Debug\screen_xywh.obj
         .\Debug\vsnprintf.obj
         fltk.lib.vcxproj -> Z:\fltk-1.1.10\visualc\.\Debug\fltk.lib
       BscMake:
         C:\Program Files (x86)\Microsoft Visual Studio 10.0\VC\bin\bscmake.exe /nologo /o".\Debug\fltk.lib.bsc" .\Debug\filename_absolute.sbr .\Debug\filename_expand.sbr .\Debug\filename_ext.sbr .\Debug\filename_isdir.sbr .\Debug\filename_list.sbr .\Debug\filename_match.sbr .\Debug\filename_setext.sbr .\Debug\Fl.sbr .\Debug\Fl_abort.sbr .\Debug\Fl_add_idle.sbr .\Debug\Fl_Adjuster.sbr .\Debug\fl_arc.sbr .\Debug\fl_arci.sbr .\Debug\Fl_arg.sbr .\Debug\fl_ask.sbr .\Debug\Fl_Bitmap.sbr .\Debug\Fl_Box.sbr .\Debug\fl_boxtype.sbr .\Debug\Fl_Browser.sbr .\Debug\Fl_Browser_.sbr .\Debug\Fl_Browser_load.sbr .\Debug\Fl_Button.sbr .\Debug\fl_call_main.sbr .\Debug\Fl_Chart.sbr .\Debug\Fl_Check_Browser.sbr .\Debug\Fl_Check_Button.sbr .\Debug\Fl_Choice.sbr .\Debug\Fl_Clock.sbr .\Debug\fl_color.sbr .\Debug\Fl_Color_Chooser.sbr .\Debug\Fl_compose.sbr .\Debug\Fl_Counter.sbr .\Debug\fl_cursor.sbr .\Debug\fl_curve.sbr .\Debug\Fl_Dial.sbr .\Debug\fl_diamond_box.sbr .\Debug\Fl_display.sbr .\Debug\fl_dnd.sbr .\Debug\Fl_Double_Window.sbr .\Debug\fl_draw.sbr .\Debug\fl_draw_image.sbr .\Debug\fl_draw_pixmap.sbr .\Debug\fl_encoding_latin1.sbr .\Debug\fl_encoding_mac_roman.sbr .\Debug\fl_engraved_label.sbr .\Debug\Fl_File_Browser.sbr .\Debug\Fl_File_Chooser.sbr .\Debug\Fl_File_Chooser2.sbr .\Debug\fl_file_dir.sbr .\Debug\Fl_File_Icon.sbr .\Debug\Fl_File_Input.sbr .\Debug\fl_font.sbr .\Debug\Fl_get_key.sbr .\Debug\Fl_get_system_colors.sbr .\Debug\Fl_grab.sbr .\Debug\Fl_Group.sbr .\Debug\fl_gtk.sbr .\Debug\Fl_Help_View.sbr .\Debug\Fl_Image.sbr .\Debug\Fl_Input.sbr .\Debug\Fl_Input_.sbr .\Debug\fl_labeltype.sbr .\Debug\Fl_Light_Button.sbr .\Debug\fl_line_style.sbr .\Debug\Fl_lock.sbr .\Debug\Fl_Menu.sbr .\Debug\Fl_Menu_.sbr .\Debug\Fl_Menu_add.sbr .\Debug\Fl_Menu_Bar.sbr .\Debug\Fl_Menu_Button.sbr .\Debug\Fl_Menu_global.sbr .\Debug\Fl_Menu_Window.sbr .\Debug\Fl_Multi_Label.sbr .\Debug\fl_open_uri.sbr .\Debug\fl_oval_box.sbr .\Debug\fl_overlay.sbr .\Debug\fl_overlay_visual.sbr .\Debug\Fl_Overlay_Window.sbr .\Debug\Fl_own_colormap.sbr .\Debug\Fl_Pack.sbr .\Debug\Fl_Pixmap.sbr .\Debug\fl_plastic.sbr .\Debug\Fl_Positioner.sbr .\Debug\Fl_Preferences.sbr .\Debug\Fl_Progress.sbr .\Debug\fl_read_image.sbr .\Debug\fl_rect.sbr .\Debug\Fl_Repeat_Button.sbr .\Debug\Fl_Return_Button.sbr .\Debug\Fl_Roller.sbr .\Debug\fl_round_box.sbr .\Debug\Fl_Round_Button.sbr .\Debug\fl_rounded_box.sbr .\Debug\Fl_Scroll.sbr .\Debug\fl_scroll_area.sbr .\Debug\Fl_Scrollbar.sbr .\Debug\fl_set_font.sbr .\Debug\fl_set_fonts.sbr .\Debug\fl_shadow_box.sbr .\Debug\Fl_Shared_Image.sbr .\Debug\fl_shortcut.sbr .\Debug\fl_show_colormap.sbr .\Debug\Fl_Single_Window.sbr .\Debug\Fl_Slider.sbr .\Debug\fl_symbols.sbr .\Debug\Fl_Tabs.sbr .\Debug\Fl_Text_Buffer.sbr .\Debug\Fl_Text_Display.sbr .\Debug\Fl_Text_Editor.sbr .\Debug\Fl_Tile.sbr .\Debug\Fl_Tiled_Image.sbr .\Debug\Fl_Tooltip.sbr .\Debug\Fl_Valuator.sbr .\Debug\Fl_Value_Input.sbr .\Debug\Fl_Value_Output.sbr .\Debug\Fl_Value_Slider.sbr .\Debug\fl_vertex.sbr .\Debug\Fl_visual.sbr .\Debug\Fl_Widget.sbr .\Debug\Fl_Window.sbr .\Debug\Fl_Window_fullscreen.sbr .\Debug\Fl_Window_hotspot.sbr .\Debug\Fl_Window_iconize.sbr .\Debug\Fl_Wizard.sbr .\Debug\Fl_x.sbr .\Debug\Fl_XBM_Image.sbr .\Debug\Fl_XPM_Image.sbr .\Debug\flstring.sbr .\Debug\numericsort.sbr .\Debug\scandir.sbr .\Debug\screen_xywh.sbr .\Debug\vsnprintf.sbr
       FinalizeBuildStatus:
         Deleting file ".\Debug\fltk.unsuccessfulbuild".
         Touching ".\Debug\fltk.lastbuildstate".
     1>Done Building Project "Z:\fltk-1.1.10\visualc\fltk.lib.vcxproj" (build target(s)).

Build succeeded.

Time Elapsed 00:02:12.38
