Build started 4/27/2012 12:22:54 AM.
     1>Project "Z:\fltk-1.1.10\visualc\fltkimages.vcxproj" on node 6 (build target(s)).
     1>InitializeBuildStatus:
         Creating ".\Debug\fltkimages.unsuccessfulbuild" because "AlwaysCreate" was specified.
       ClCompile:
         C:\Program Files (x86)\Microsoft Visual Studio 10.0\VC\bin\CL.exe /c /I. /I.. /I..\zlib /I..\png /I..\jpeg /Z7 /nologo /W1 /WX- /Od /Oy- /D WIN32 /D _DEBUG /D _WINDOWS /D WIN32_LEAN_AND_MEAN /D VC_EXTRA_LEAN /D WIN32_EXTRA_LEAN /D _VC80_UPGRADE=0x0600 /Gm- /EHsc /MDd /GS /Gy- /fp:precise /Zc:wchar_t /Zc:forScope /Fo".\Debug\\" /Fd".\Debug\vc100.pdb" /FR".\Debug\\" /Gd /TP /analyze- /errorReport:prompt ..\src\Fl_BMP_Image.cxx ..\src\Fl_File_Icon2.cxx ..\src\Fl_GIF_Image.cxx ..\src\Fl_Help_Dialog.cxx ..\src\fl_images_core.cxx ..\src\Fl_JPEG_Image.cxx ..\src\Fl_PNG_Image.cxx ..\src\Fl_PNM_Image.cxx
         Fl_BMP_Image.cxx
         Fl_File_Icon2.cxx
         Fl_GIF_Image.cxx
         Fl_Help_Dialog.cxx
         fl_images_core.cxx
         Fl_JPEG_Image.cxx
         Fl_PNG_Image.cxx
         Fl_PNM_Image.cxx
         Generating Code...
     1>C:\Program Files (x86)\MSBuild\Microsoft.Cpp\v4.0\Microsoft.CppBuild.targets(1151,5): warning MSB8012: TargetPath(Z:\fltk-1.1.10\visualc\.\Debug\fltkimages.lib) does not match the Library's OutputFile property value (Z:\fltk-1.1.10\lib\fltkimagesd.lib). This may cause your project to build incorrectly. To correct this, please make sure that $(OutDir), $(TargetName) and $(TargetExt) property values match the value specified in %(Lib.OutputFile).
     1>C:\Program Files (x86)\MSBuild\Microsoft.Cpp\v4.0\Microsoft.CppBuild.targets(1153,5): warning MSB8012: TargetName(fltkimages) does not match the Library's OutputFile property value (fltkimagesd). This may cause your project to build incorrectly. To correct this, please make sure that $(OutDir), $(TargetName) and $(TargetExt) property values match the value specified in %(Lib.OutputFile).
       Lib:
         C:\Program Files (x86)\Microsoft Visual Studio 10.0\VC\bin\Lib.exe /OUT:"..\lib\fltkimagesd.lib" /NOLOGO .\Debug\Fl_BMP_Image.obj
         .\Debug\Fl_File_Icon2.obj
         .\Debug\Fl_GIF_Image.obj
         .\Debug\Fl_Help_Dialog.obj
         .\Debug\fl_images_core.obj
         .\Debug\Fl_JPEG_Image.obj
         .\Debug\Fl_PNG_Image.obj
         .\Debug\Fl_PNM_Image.obj
         fltkimages.vcxproj -> Z:\fltk-1.1.10\visualc\.\Debug\fltkimages.lib
       BscMake:
         C:\Program Files (x86)\Microsoft Visual Studio 10.0\VC\bin\bscmake.exe /nologo /o".\Debug\fltkimages.bsc" .\Debug\Fl_BMP_Image.sbr .\Debug\Fl_File_Icon2.sbr .\Debug\Fl_GIF_Image.sbr .\Debug\Fl_Help_Dialog.sbr .\Debug\fl_images_core.sbr .\Debug\Fl_JPEG_Image.sbr .\Debug\Fl_PNG_Image.sbr .\Debug\Fl_PNM_Image.sbr
       FinalizeBuildStatus:
         Deleting file ".\Debug\fltkimages.unsuccessfulbuild".
         Touching ".\Debug\fltkimages.lastbuildstate".
     1>Done Building Project "Z:\fltk-1.1.10\visualc\fltkimages.vcxproj" (build target(s)).

Build succeeded.

Time Elapsed 00:00:16.87
