Build started 4/27/2012 12:22:54 AM.
     1>Project "Z:\fltk-1.1.10\visualc\fltkgl.vcxproj" on node 8 (build target(s)).
     1>InitializeBuildStatus:
         Creating ".\Debug\fltkgl.unsuccessfulbuild" because "AlwaysCreate" was specified.
       ClCompile:
         C:\Program Files (x86)\Microsoft Visual Studio 10.0\VC\bin\CL.exe /c /I. /I.. /Z7 /nologo /W1 /WX- /Od /Oy- /D WIN32 /D _DEBUG /D _WINDOWS /D WIN32_LEAN_AND_MEAN /D VC_EXTRA_LEAN /D WIN32_EXTRA_LEAN /D _VC80_UPGRADE=0x0600 /Gm- /EHsc /MDd /GS /Gy- /fp:precise /Zc:wchar_t /Zc:forScope /Fo".\Debug\\" /Fd".\Debug\vc100.pdb" /FR".\Debug\\" /Gd /TP /analyze- /errorReport:prompt ..\src\Fl_Gl_Choice.cxx ..\src\Fl_Gl_Overlay.cxx ..\src\Fl_Gl_Window.cxx ..\src\freeglut_geometry.cxx ..\src\freeglut_stroke_mono_roman.cxx ..\src\freeglut_stroke_roman.cxx ..\src\freeglut_teapot.cxx ..\src\gl_draw.cxx ..\src\gl_start.cxx ..\src\glut_compatability.cxx ..\src\glut_font.cxx
         Fl_Gl_Choice.cxx
         Fl_Gl_Overlay.cxx
         Fl_Gl_Window.cxx
         freeglut_geometry.cxx
         freeglut_stroke_mono_roman.cxx
         freeglut_stroke_roman.cxx
         freeglut_teapot.cxx
         gl_draw.cxx
         gl_start.cxx
         glut_compatability.cxx
         glut_font.cxx
         Generating Code...
     1>FileTracker : error FTK1011: could not create the new file tracking log file: Z:\fltk-1.1.10\visualc\Debug\CL.read.1.tlog. The file exists.
         
         
         
     1>Done Building Project "Z:\fltk-1.1.10\visualc\fltkgl.vcxproj" (build target(s)) -- FAILED.

Build FAILED.

Time Elapsed 00:00:16.95
