Build started 4/27/2012 12:22:54 AM.
     1>Project "Z:\fltk-1.1.10\visualc\libpng.vcxproj" on node 7 (build target(s)).
     1>InitializeBuildStatus:
         Creating ".\Debug\libpng.unsuccessfulbuild" because "AlwaysCreate" was specified.
       ClCompile:
         C:\Program Files (x86)\Microsoft Visual Studio 10.0\VC\bin\CL.exe /c /I../visualc /I../zlib /Zi /nologo /W1 /WX- /Od /Oy- /D WIN32 /D _DEBUG /D _WINDOWS /D WIN32_LEAN_AND_MEAN /D VC_EXTRA_LEAN /D WIN32_EXTRA_LEAN /D _VC80_UPGRADE=0x0600 /Gm- /EHsc /MDd /GS /Gy- /fp:precise /Zc:wchar_t /Zc:forScope /Fo".\Debug\\" /Fd".\Debug\vc100.pdb" /Gd /TC /analyze- /errorReport:prompt ..\png\png.c ..\png\pngerror.c ..\png\pngget.c ..\png\pngmem.c ..\png\pngpread.c ..\png\pngread.c ..\png\pngrio.c ..\png\pngrtran.c ..\png\pngrutil.c ..\png\pngset.c ..\png\pngtrans.c ..\png\pngwio.c ..\png\pngwrite.c ..\png\pngwtran.c ..\png\pngwutil.c
         png.c
         pngerror.c
         pngget.c
         pngmem.c
         pngpread.c
         pngread.c
         pngrio.c
         pngrtran.c
         pngrutil.c
         pngset.c
         pngtrans.c
         pngwio.c
         pngwrite.c
         pngwtran.c
         pngwutil.c
         Generating Code...
     1>C:\Program Files (x86)\MSBuild\Microsoft.Cpp\v4.0\Platforms\Win32\Microsoft.Cpp.Win32.Targets(153,5): error MSB6003: The specified task executable "CL.exe" could not be run. The process cannot access the file 'Z:\fltk-1.1.10\visualc\Debug\cl.read.1.tlog' because it is being used by another process.
     1>Done Building Project "Z:\fltk-1.1.10\visualc\libpng.vcxproj" (build target(s)) -- FAILED.

Build FAILED.

Time Elapsed 00:00:10.91
