Build started 4/27/2012 12:22:54 AM.
     1>Project "Z:\fltk-1.1.10\visualc\zlib.vcxproj" on node 2 (build target(s)).
     1>InitializeBuildStatus:
         Creating ".\Debug\zlib.unsuccessfulbuild" because "AlwaysCreate" was specified.
       ClCompile:
         C:\Program Files (x86)\Microsoft Visual Studio 10.0\VC\bin\CL.exe /c /I../visualc /I../zlib /Zi /nologo /W1 /WX- /Od /Oy- /D WIN32 /D _DEBUG /D _WINDOWS /D WIN32_LEAN_AND_MEAN /D VC_EXTRA_LEAN /D WIN32_EXTRA_LEAN /D _VC80_UPGRADE=0x0600 /Gm- /EHsc /MDd /GS /Gy- /fp:precise /Zc:wchar_t /Zc:forScope /Fo".\Debug\\" /Fd".\Debug\vc100.pdb" /Gd /TC /analyze- /errorReport:prompt ..\zlib\adler32.c ..\zlib\compress.c ..\zlib\crc32.c ..\zlib\deflate.c ..\zlib\gzio.c ..\zlib\inffast.c ..\zlib\inflate.c ..\zlib\inftrees.c ..\zlib\trees.c ..\zlib\uncompr.c ..\zlib\zutil.c
         adler32.c
         compress.c
         crc32.c
         deflate.c
         gzio.c
         inffast.c
         inflate.c
         inftrees.c
         trees.c
         uncompr.c
         zutil.c
         Generating Code...
     1>C:\Program Files (x86)\MSBuild\Microsoft.Cpp\v4.0\Microsoft.CppBuild.targets(1151,5): warning MSB8012: TargetPath(Z:\fltk-1.1.10\visualc\.\Debug\zlib.lib) does not match the Library's OutputFile property value (Z:\fltk-1.1.10\lib\fltkzd.lib). This may cause your project to build incorrectly. To correct this, please make sure that $(OutDir), $(TargetName) and $(TargetExt) property values match the value specified in %(Lib.OutputFile).
     1>C:\Program Files (x86)\MSBuild\Microsoft.Cpp\v4.0\Microsoft.CppBuild.targets(1153,5): warning MSB8012: TargetName(zlib) does not match the Library's OutputFile property value (fltkzd). This may cause your project to build incorrectly. To correct this, please make sure that $(OutDir), $(TargetName) and $(TargetExt) property values match the value specified in %(Lib.OutputFile).
       Lib:
         C:\Program Files (x86)\Microsoft Visual Studio 10.0\VC\bin\Lib.exe /OUT:"..\lib\fltkzd.lib" /NOLOGO .\Debug\adler32.obj
         .\Debug\compress.obj
         .\Debug\crc32.obj
         .\Debug\deflate.obj
         .\Debug\gzio.obj
         .\Debug\inffast.obj
         .\Debug\inflate.obj
         .\Debug\inftrees.obj
         .\Debug\trees.obj
         .\Debug\uncompr.obj
         .\Debug\zutil.obj
         zlib.vcxproj -> Z:\fltk-1.1.10\visualc\.\Debug\zlib.lib
       FinalizeBuildStatus:
         Deleting file ".\Debug\zlib.unsuccessfulbuild".
         Touching ".\Debug\zlib.lastbuildstate".
     1>Done Building Project "Z:\fltk-1.1.10\visualc\zlib.vcxproj" (build target(s)).

Build succeeded.

Time Elapsed 00:00:13.20
