Build started 4/27/2012 12:25:06 AM.
     1>Project "Z:\fltk-1.1.10\visualc\fluid.vcxproj" on node 6 (build target(s)).
     1>InitializeBuildStatus:
         Creating ".\fluid__0\fluid.unsuccessfulbuild" because "AlwaysCreate" was specified.
       ClCompile:
         C:\Program Files (x86)\Microsoft Visual Studio 10.0\VC\bin\CL.exe /c /I. /I.. /I../png /I../zlib /ZI /nologo /W1 /WX- /Od /Oy- /D WIN32 /D _DEBUG /D _WINDOWS /D WIN32_LEAN_AND_MEAN /D VC_EXTRA_LEAN /D WIN32_EXTRA_LEAN /D _VC80_UPGRADE=0x0600 /Gm /EHsc /MDd /GS /Gy- /fp:precise /Zc:wchar_t /Zc:forScope /Fo".\fluid__0\\" /Fd".\fluid__0\vc100.pdb" /Gd /TP /analyze- /errorReport:prompt ..\fluid\about_panel.cxx ..\fluid\align_widget.cxx ..\fluid\alignment_panel.cxx ..\fluid\code.cxx ..\fluid\CodeEditor.cxx ..\fluid\factory.cxx ..\fluid\file.cxx ..\fluid\Fl_Function_Type.cxx ..\fluid\Fl_Group_Type.cxx ..\fluid\Fl_Menu_Type.cxx ..\fluid\Fl_Type.cxx ..\fluid\Fl_Widget_Type.cxx ..\fluid\Fl_Window_Type.cxx ..\fluid\fluid.cxx ..\fluid\Fluid_Image.cxx ..\fluid\function_panel.cxx ..\fluid\template_panel.cxx ..\fluid\undo.cxx ..\fluid\widget_panel.cxx
         widget_panel.cxx
         undo.cxx
         template_panel.cxx
         function_panel.cxx
         Fluid_Image.cxx
         fluid.cxx
         Fl_Window_Type.cxx
         Fl_Widget_Type.cxx
         Fl_Type.cxx
         Fl_Menu_Type.cxx
         Fl_Group_Type.cxx
         Fl_Function_Type.cxx
         file.cxx
         factory.cxx
         CodeEditor.cxx
         code.cxx
         alignment_panel.cxx
         align_widget.cxx
         about_panel.cxx
         Generating Code...
       ManifestResourceCompile:
         C:\Program Files (x86)\Microsoft SDKs\Windows\v7.0A\bin\rc.exe /nologo /fo".\fluid__0\fluid.exe.embed.manifest.res" .\fluid__0\fluid_manifest.rc 
     1>C:\Program Files (x86)\MSBuild\Microsoft.Cpp\v4.0\Microsoft.CppBuild.targets(990,5): warning MSB8012: TargetPath(Z:\fltk-1.1.10\visualc\.\fluid__0\fluid.exe) does not match the Linker's OutputFile property value (Z:\fltk-1.1.10\fluid\fluidd.exe). This may cause your project to build incorrectly. To correct this, please make sure that $(OutDir), $(TargetName) and $(TargetExt) property values match the value specified in %(Link.OutputFile).
     1>C:\Program Files (x86)\MSBuild\Microsoft.Cpp\v4.0\Microsoft.CppBuild.targets(992,5): warning MSB8012: TargetName(fluid) does not match the Linker's OutputFile property value (fluidd). This may cause your project to build incorrectly. To correct this, please make sure that $(OutDir), $(TargetName) and $(TargetExt) property values match the value specified in %(Link.OutputFile).
       Link:
         C:\Program Files (x86)\Microsoft Visual Studio 10.0\VC\bin\link.exe /ERRORREPORT:PROMPT /OUT:"../fluid/fluidd.exe" /INCREMENTAL /NOLOGO /LIBPATH:..\lib fltkd.lib wsock32.lib comctl32.lib kernel32.lib user32.lib gdi32.lib winspool.lib comdlg32.lib advapi32.lib shell32.lib ole32.lib oleaut32.lib uuid.lib odbc32.lib odbccp32.lib /NODEFAULTLIB:libc /NODEFAULTLIB:libcd /NODEFAULTLIB:libcmt /NODEFAULTLIB:libcmtd /MANIFEST /ManifestFile:".\fluid__0\fluid.exe.intermediate.manifest" /MANIFESTUAC:"level='asInvoker' uiAccess='false'" /DEBUG /PDB:"Z:\fltk-1.1.10\visualc\fluid__0\fluid.pdb" /SUBSYSTEM:WINDOWS /TLBID:1 /DYNAMICBASE /NXCOMPAT /IMPLIB:".\fluid__0\fluid.lib" /MACHINE:X86 .\fluid__0\fluid.exe.embed.manifest.res
         .\fluid__0\about_panel.obj
         .\fluid__0\align_widget.obj
         .\fluid__0\alignment_panel.obj
         .\fluid__0\code.obj
         .\fluid__0\CodeEditor.obj
         .\fluid__0\factory.obj
         .\fluid__0\file.obj
         .\fluid__0\Fl_Function_Type.obj
         .\fluid__0\Fl_Group_Type.obj
         .\fluid__0\Fl_Menu_Type.obj
         .\fluid__0\Fl_Type.obj
         .\fluid__0\Fl_Widget_Type.obj
         .\fluid__0\Fl_Window_Type.obj
         .\fluid__0\fluid.obj
         .\fluid__0\Fluid_Image.obj
         .\fluid__0\function_panel.obj
         .\fluid__0\template_panel.obj
         .\fluid__0\undo.obj
         .\fluid__0\widget_panel.obj
     1>file.obj : error LNK2019: unresolved external symbol "public: void __thiscall Fl_Group::forms_end(void)" (?forms_end@Fl_Group@@QAEXXZ) referenced in function "void __cdecl read_fdesign(void)" (?read_fdesign@@YAXXZ)
     1>fluid.obj : error LNK2019: unresolved external symbol _png_destroy_write_struct referenced in function "void __cdecl save_template_cb(class Fl_Widget *,void *)" (?save_template_cb@@YAXPAVFl_Widget@@PAX@Z)
     1>fluid.obj : error LNK2019: unresolved external symbol _png_write_end referenced in function "void __cdecl save_template_cb(class Fl_Widget *,void *)" (?save_template_cb@@YAXPAVFl_Widget@@PAX@Z)
     1>fluid.obj : error LNK2019: unresolved external symbol _png_write_row referenced in function "void __cdecl save_template_cb(class Fl_Widget *,void *)" (?save_template_cb@@YAXPAVFl_Widget@@PAX@Z)
     1>fluid.obj : error LNK2019: unresolved external symbol _png_write_info referenced in function "void __cdecl save_template_cb(class Fl_Widget *,void *)" (?save_template_cb@@YAXPAVFl_Widget@@PAX@Z)
     1>fluid.obj : error LNK2019: unresolved external symbol _png_set_sRGB referenced in function "void __cdecl save_template_cb(class Fl_Widget *,void *)" (?save_template_cb@@YAXPAVFl_Widget@@PAX@Z)
     1>fluid.obj : error LNK2019: unresolved external symbol _png_set_IHDR referenced in function "void __cdecl save_template_cb(class Fl_Widget *,void *)" (?save_template_cb@@YAXPAVFl_Widget@@PAX@Z)
     1>fluid.obj : error LNK2019: unresolved external symbol _png_init_io referenced in function "void __cdecl save_template_cb(class Fl_Widget *,void *)" (?save_template_cb@@YAXPAVFl_Widget@@PAX@Z)
     1>fluid.obj : error LNK2019: unresolved external symbol _png_create_info_struct referenced in function "void __cdecl save_template_cb(class Fl_Widget *,void *)" (?save_template_cb@@YAXPAVFl_Widget@@PAX@Z)
     1>fluid.obj : error LNK2019: unresolved external symbol _png_create_write_struct referenced in function "void __cdecl save_template_cb(class Fl_Widget *,void *)" (?save_template_cb@@YAXPAVFl_Widget@@PAX@Z)
     1>fluid.obj : error LNK2019: unresolved external symbol "public: __thiscall Fl_Help_Dialog::~Fl_Help_Dialog(void)" (??1Fl_Help_Dialog@@QAE@XZ) referenced in function "public: void * __thiscall Fl_Help_Dialog::`scalar deleting destructor'(unsigned int)" (??_GFl_Help_Dialog@@QAEPAXI@Z)
     1>fluid.obj : error LNK2019: unresolved external symbol "public: void __thiscall Fl_Help_Dialog::show(void)" (?show@Fl_Help_Dialog@@QAEXXZ) referenced in function "void __cdecl show_help(char const *)" (?show_help@@YAXPBD@Z)
     1>fluid.obj : error LNK2019: unresolved external symbol "public: void __thiscall Fl_Help_Dialog::load(char const *)" (?load@Fl_Help_Dialog@@QAEXPBD@Z) referenced in function "void __cdecl show_help(char const *)" (?show_help@@YAXPBD@Z)
     1>fluid.obj : error LNK2019: unresolved external symbol "public: __thiscall Fl_Help_Dialog::Fl_Help_Dialog(void)" (??0Fl_Help_Dialog@@QAE@XZ) referenced in function "void __cdecl show_help(char const *)" (?show_help@@YAXPBD@Z)
     1>fluid.obj : error LNK2019: unresolved external symbol "public: static void __cdecl Fl_File_Icon::load_system_icons(void)" (?load_system_icons@Fl_File_Icon@@SAXXZ) referenced in function _main
     1>fluid.obj : error LNK2019: unresolved external symbol "void __cdecl fl_register_images(void)" (?fl_register_images@@YAXXZ) referenced in function _main
     1>../fluid/fluidd.exe : fatal error LNK1120: 16 unresolved externals
     1>Done Building Project "Z:\fltk-1.1.10\visualc\fluid.vcxproj" (build target(s)) -- FAILED.

Build FAILED.

Time Elapsed 00:00:56.17
